<?xml version="1.0" encoding="UTF-8"?>
<!-- Generated by org.testng.reporters.JUnitReportReporter -->
<testsuite hostname="LAPTOP-V4U774QS" failures="0" tests="4" name="JustDialPages.Main" time="19.788" errors="0" timestamp="04 Jul 2021 06:40:20 GMT" skipped="0">
  <testcase classname="JustDialPages.Main" name="searchTextBoxAndRemoveAd" time="12.471"/>
  <testcase classname="JustDialPages.Main" name="CarServiceInfoSearching" time="1.600"/>
  <testcase classname="JustDialPages.Main" name="ListingPage" time="2.461"/>
  <testcase classname="JustDialPages.Main" name="FitnessPage" time="3.256"/>
</testsuite> <!-- JustDialPages.Main -->
