<?xml version="1.0" encoding="UTF-8"?>
<!-- Generated by org.testng.reporters.JUnitReportReporter -->
<testsuite hostname="LAPTOP-V4U774QS" failures="0" tests="5" name="JustDialPages.Main" time="24.163" errors="0" timestamp="03 Jul 2021 16:47:00 GMT" skipped="0">
  <testcase classname="JustDialPages.Main" name="startAndRemoveAd" time="16.957"/>
  <testcase classname="JustDialPages.Main" name="CarServiceInfoSearching" time="2.149"/>
  <testcase classname="JustDialPages.Main" name="Listing" time="2.291"/>
  <testcase classname="JustDialPages.Main" name="Fitness" time="2.715"/>
  <testcase classname="JustDialPages.Main" name="closeBrowser" time="0.051"/>
</testsuite> <!-- JustDialPages.Main -->
